-------------------------------------------------------------------------------
Test set: cli.RmdirCommandTest
-------------------------------------------------------------------------------
Tests run: 4, Failures: 1, Errors: 3, Skipped: 0, Time elapsed: 0.015 s <<< FAILURE! - in cli.RmdirCommandTest
testRmdirCommandWithNonExistentDirectory  Time elapsed: 0.003 s  <<< ERROR!
java.lang.NullPointerException
	at cli.RmdirCommandTest.tearDown(RmdirCommandTest.java:36)

testRmdirCommandWithNonEmptyDirectory  Time elapsed: 0.003 s  <<< ERROR!
java.lang.NullPointerException
	at cli.RmdirCommandTest.tearDown(RmdirCommandTest.java:36)

testRmdirCommandWithExistingEmptyDirectory  Time elapsed: 0.006 s  <<< FAILURE!
org.opentest4j.AssertionFailedError: Command should execute successfully for an empty directory. ==> expected: <true> but was: <false>
	at cli.RmdirCommandTest.testRmdirCommandWithExistingEmptyDirectory(RmdirCommandTest.java:45)

testRmdirCommandWithoutArguments  Time elapsed: 0.002 s  <<< ERROR!
java.lang.NullPointerException
	at cli.RmdirCommandTest.tearDown(RmdirCommandTest.java:36)

