<?xml version="1.0" encoding="UTF-8"?>
<testsuite xmlns:xsi="http://www.w3.org/2001/XMLSchema-instance" xsi:noNamespaceSchemaLocation="https://maven.apache.org/surefire/maven-surefire-plugin/xsd/surefire-test-report.xsd" name="cli.LsCommandTest" time="0.077" tests="3" errors="0" skipped="0" failures="0">
  <properties>
[...]
</properties>
  <testcase name="testLsWithRecursiveOption" classname="cli.LsCommandTest" time="0.072"/>
  <testcase name="testLsNormal" classname="cli.LsCommandTest" time="0.003"/>
  <testcase name="testLsWithHiddenFiles" classname="cli.LsCommandTest" time="0.002"/>
</testsuite>